2025-01-10 18:46:59.310 [background-preinit] INFO  org.hibernate.validator.internal.util.Version - HV000001: Hibernate Validator 6.2.5.Final
2025-01-10 18:46:59.319 [main] INFO  com.security.WebScannerApplication - Starting WebScannerApplication using Java 21.0.5 on LAPTOP-VLB0GC6G with PID 21336 (D:\study_file\web-pre\target\classes started by Lenovo in D:\study_file\web-pre)
2025-01-10 18:46:59.320 [main] INFO  com.security.WebScannerApplication - No active profile set, falling back to 1 default profile: "default"
2025-01-10 18:47:00.003 [main] INFO  o.s.d.r.config.RepositoryConfigurationDelegate - Multiple Spring Data modules found, entering strict repository configuration mode
2025-01-10 18:47:00.006 [main] INFO  o.s.d.r.config.RepositoryConfigurationDelegate - Bootstrapping Spring Data Redis repositories in DEFAULT mode.
2025-01-10 18:47:00.042 [main] INFO  o.s.d.r.config.RepositoryConfigurationDelegate - Finished Spring Data repository scanning in 15 ms. Found 0 Redis repository interfaces.
2025-01-10 18:47:00.982 [main] INFO  o.s.boot.web.embedded.tomcat.TomcatWebServer - Tomcat initialized with port(s): 8080 (http)
2025-01-10 18:47:00.993 [main] INFO  org.apache.coyote.http11.Http11NioProtocol - Initializing ProtocolHandler ["http-nio-8080"]
2025-01-10 18:47:00.993 [main] INFO  org.apache.catalina.core.StandardService - Starting service [Tomcat]
2025-01-10 18:47:00.995 [main] INFO  org.apache.catalina.core.StandardEngine - Starting Servlet engine: [Apache Tomcat/9.0.68]
2025-01-10 18:47:01.139 [main] INFO  o.a.c.core.ContainerBase.[Tomcat].[localhost].[/] - Initializing Spring embedded WebApplicationContext
2025-01-10 18:47:01.139 [main] INFO  o.s.b.w.s.c.ServletWebServerApplicationContext - Root WebApplicationContext: initialization completed in 1750 ms
2025-01-10 18:47:01.532 [main] WARN  o.s.b.w.s.c.AnnotationConfigServletWebServerApplicationContext - Exception encountered during context initialization - cancelling refresh attempt: org.springframework.beans.factory.UnsatisfiedDependencyException: Error creating bean with name 'assetScanController': Unsatisfied dependency expressed through field 'assetScanService'; nested exception is org.springframework.beans.factory.NoSuchBeanDefinitionException: No qualifying bean of type 'com.security.service.IAssetScanService' available: expected at least 1 bean which qualifies as autowire candidate. Dependency annotations: {@org.springframework.beans.factory.annotation.Autowired(required=true)}
2025-01-10 18:47:01.547 [main] INFO  org.apache.catalina.core.StandardService - Stopping service [Tomcat]
2025-01-10 18:47:01.562 [main] INFO  o.s.b.a.l.ConditionEvaluationReportLoggingListener - 

Error starting ApplicationContext. To display the conditions report re-run your application with 'debug' enabled.
2025-01-10 18:47:01.581 [main] ERROR o.s.b.diagnostics.LoggingFailureAnalysisReporter - 

***************************
APPLICATION FAILED TO START
***************************

Description:

Field assetScanService in com.security.controller.AssetScanController required a bean of type 'com.security.service.IAssetScanService' that could not be found.

The injection point has the following annotations:
	- @org.springframework.beans.factory.annotation.Autowired(required=true)


Action:

Consider defining a bean of type 'com.security.service.IAssetScanService' in your configuration.

2025-01-10 21:51:13.712 [background-preinit] INFO  org.hibernate.validator.internal.util.Version - HV000001: Hibernate Validator 6.2.5.Final
2025-01-10 21:51:13.726 [main] INFO  com.security.WebScannerApplication - Starting WebScannerApplication using Java 21.0.5 on LAPTOP-VLB0GC6G with PID 25244 (D:\study_file\web-pre\target\classes started by Lenovo in D:\study_file\web-pre)
2025-01-10 21:51:13.726 [main] INFO  com.security.WebScannerApplication - No active profile set, falling back to 1 default profile: "default"
2025-01-10 21:51:14.342 [main] INFO  o.s.d.r.config.RepositoryConfigurationDelegate - Multiple Spring Data modules found, entering strict repository configuration mode
2025-01-10 21:51:14.345 [main] INFO  o.s.d.r.config.RepositoryConfigurationDelegate - Bootstrapping Spring Data Redis repositories in DEFAULT mode.
2025-01-10 21:51:14.406 [main] INFO  o.s.d.r.config.RepositoryConfigurationDelegate - Finished Spring Data repository scanning in 47 ms. Found 0 Redis repository interfaces.
2025-01-10 21:51:15.172 [main] INFO  o.s.boot.web.embedded.tomcat.TomcatWebServer - Tomcat initialized with port(s): 8080 (http)
2025-01-10 21:51:15.180 [main] INFO  org.apache.coyote.http11.Http11NioProtocol - Initializing ProtocolHandler ["http-nio-8080"]
2025-01-10 21:51:15.180 [main] INFO  org.apache.catalina.core.StandardService - Starting service [Tomcat]
2025-01-10 21:51:15.180 [main] INFO  org.apache.catalina.core.StandardEngine - Starting Servlet engine: [Apache Tomcat/9.0.68]
2025-01-10 21:51:15.303 [main] INFO  o.a.c.core.ContainerBase.[Tomcat].[localhost].[/] - Initializing Spring embedded WebApplicationContext
2025-01-10 21:51:15.303 [main] INFO  o.s.b.w.s.c.ServletWebServerApplicationContext - Root WebApplicationContext: initialization completed in 1534 ms
2025-01-10 21:51:15.595 [main] WARN  o.s.b.w.s.c.AnnotationConfigServletWebServerApplicationContext - Exception encountered during context initialization - cancelling refresh attempt: org.springframework.beans.factory.UnsatisfiedDependencyException: Error creating bean with name 'assetScanController': Unsatisfied dependency expressed through field 'assetScanService'; nested exception is org.springframework.beans.factory.NoSuchBeanDefinitionException: No qualifying bean of type 'com.security.service.IAssetScanService' available: expected at least 1 bean which qualifies as autowire candidate. Dependency annotations: {@org.springframework.beans.factory.annotation.Autowired(required=true)}
2025-01-10 21:51:15.608 [main] INFO  org.apache.catalina.core.StandardService - Stopping service [Tomcat]
2025-01-10 21:51:15.620 [main] INFO  o.s.b.a.l.ConditionEvaluationReportLoggingListener - 

Error starting ApplicationContext. To display the conditions report re-run your application with 'debug' enabled.
2025-01-10 21:51:15.635 [main] ERROR o.s.b.diagnostics.LoggingFailureAnalysisReporter - 

***************************
APPLICATION FAILED TO START
***************************

Description:

Field assetScanService in com.security.controller.AssetScanController required a bean of type 'com.security.service.IAssetScanService' that could not be found.

The injection point has the following annotations:
	- @org.springframework.beans.factory.annotation.Autowired(required=true)


Action:

Consider defining a bean of type 'com.security.service.IAssetScanService' in your configuration.

2025-01-10 21:52:05.757 [background-preinit] INFO  org.hibernate.validator.internal.util.Version - HV000001: Hibernate Validator 6.2.5.Final
2025-01-10 21:52:05.770 [main] INFO  com.security.WebScannerApplication - Starting WebScannerApplication using Java 21.0.5 on LAPTOP-VLB0GC6G with PID 17416 (D:\study_file\web-pre\target\classes started by Lenovo in D:\study_file\web-pre)
2025-01-10 21:52:05.771 [main] INFO  com.security.WebScannerApplication - No active profile set, falling back to 1 default profile: "default"
2025-01-10 21:52:06.265 [main] INFO  o.s.d.r.config.RepositoryConfigurationDelegate - Multiple Spring Data modules found, entering strict repository configuration mode
2025-01-10 21:52:06.267 [main] INFO  o.s.d.r.config.RepositoryConfigurationDelegate - Bootstrapping Spring Data Redis repositories in DEFAULT mode.
2025-01-10 21:52:06.295 [main] INFO  o.s.d.r.config.RepositoryConfigurationDelegate - Finished Spring Data repository scanning in 19 ms. Found 0 Redis repository interfaces.
2025-01-10 21:52:06.865 [main] INFO  o.s.boot.web.embedded.tomcat.TomcatWebServer - Tomcat initialized with port(s): 8080 (http)
2025-01-10 21:52:06.871 [main] INFO  org.apache.coyote.http11.Http11NioProtocol - Initializing ProtocolHandler ["http-nio-8080"]
2025-01-10 21:52:06.871 [main] INFO  org.apache.catalina.core.StandardService - Starting service [Tomcat]
2025-01-10 21:52:06.871 [main] INFO  org.apache.catalina.core.StandardEngine - Starting Servlet engine: [Apache Tomcat/9.0.68]
2025-01-10 21:52:06.989 [main] INFO  o.a.c.core.ContainerBase.[Tomcat].[localhost].[/] - Initializing Spring embedded WebApplicationContext
2025-01-10 21:52:06.989 [main] INFO  o.s.b.w.s.c.ServletWebServerApplicationContext - Root WebApplicationContext: initialization completed in 1170 ms
2025-01-10 21:52:07.262 [main] WARN  o.s.b.w.s.c.AnnotationConfigServletWebServerApplicationContext - Exception encountered during context initialization - cancelling refresh attempt: org.springframework.beans.factory.UnsatisfiedDependencyException: Error creating bean with name 'vulnScanController': Unsatisfied dependency expressed through field 'vulnScanService'; nested exception is org.springframework.beans.factory.NoSuchBeanDefinitionException: No qualifying bean of type 'com.security.service.IVulnScanService' available: expected at least 1 bean which qualifies as autowire candidate. Dependency annotations: {@org.springframework.beans.factory.annotation.Autowired(required=true)}
2025-01-10 21:52:07.272 [main] INFO  org.apache.catalina.core.StandardService - Stopping service [Tomcat]
2025-01-10 21:52:07.284 [main] INFO  o.s.b.a.l.ConditionEvaluationReportLoggingListener - 

Error starting ApplicationContext. To display the conditions report re-run your application with 'debug' enabled.
2025-01-10 21:52:07.297 [main] ERROR o.s.b.diagnostics.LoggingFailureAnalysisReporter - 

***************************
APPLICATION FAILED TO START
***************************

Description:

Field vulnScanService in com.security.controller.VulnScanController required a bean of type 'com.security.service.IVulnScanService' that could not be found.

The injection point has the following annotations:
	- @org.springframework.beans.factory.annotation.Autowired(required=true)


Action:

Consider defining a bean of type 'com.security.service.IVulnScanService' in your configuration.

2025-01-10 21:52:17.962 [background-preinit] INFO  org.hibernate.validator.internal.util.Version - HV000001: Hibernate Validator 6.2.5.Final
2025-01-10 21:52:17.972 [main] INFO  com.security.WebScannerApplication - Starting WebScannerApplication using Java 21.0.5 on LAPTOP-VLB0GC6G with PID 26352 (D:\study_file\web-pre\target\classes started by Lenovo in D:\study_file\web-pre)
2025-01-10 21:52:17.972 [main] INFO  com.security.WebScannerApplication - No active profile set, falling back to 1 default profile: "default"
2025-01-10 21:52:18.412 [main] INFO  o.s.d.r.config.RepositoryConfigurationDelegate - Multiple Spring Data modules found, entering strict repository configuration mode
2025-01-10 21:52:18.414 [main] INFO  o.s.d.r.config.RepositoryConfigurationDelegate - Bootstrapping Spring Data Redis repositories in DEFAULT mode.
2025-01-10 21:52:18.443 [main] INFO  o.s.d.r.config.RepositoryConfigurationDelegate - Finished Spring Data repository scanning in 22 ms. Found 0 Redis repository interfaces.
2025-01-10 21:52:19.042 [main] INFO  o.s.boot.web.embedded.tomcat.TomcatWebServer - Tomcat initialized with port(s): 8080 (http)
2025-01-10 21:52:19.048 [main] INFO  org.apache.coyote.http11.Http11NioProtocol - Initializing ProtocolHandler ["http-nio-8080"]
2025-01-10 21:52:19.048 [main] INFO  org.apache.catalina.core.StandardService - Starting service [Tomcat]
2025-01-10 21:52:19.048 [main] INFO  org.apache.catalina.core.StandardEngine - Starting Servlet engine: [Apache Tomcat/9.0.68]
2025-01-10 21:52:19.144 [main] INFO  o.a.c.core.ContainerBase.[Tomcat].[localhost].[/] - Initializing Spring embedded WebApplicationContext
2025-01-10 21:52:19.144 [main] INFO  o.s.b.w.s.c.ServletWebServerApplicationContext - Root WebApplicationContext: initialization completed in 1137 ms
2025-01-10 21:52:19.654 [main] WARN  o.s.b.w.s.c.AnnotationConfigServletWebServerApplicationContext - Exception encountered during context initialization - cancelling refresh attempt: org.springframework.beans.factory.UnsatisfiedDependencyException: Error creating bean with name 'resourceBackupService' defined in file [D:\study_file\web-pre\target\classes\com\security\service\backup\ResourceBackupService.class]: Unsatisfied dependency expressed through constructor parameter 0; nested exception is org.springframework.beans.factory.NoSuchBeanDefinitionException: No qualifying bean of type 'java.lang.String' available: expected at least 1 bean which qualifies as autowire candidate. Dependency annotations: {}
2025-01-10 21:52:19.664 [main] INFO  org.apache.catalina.core.StandardService - Stopping service [Tomcat]
2025-01-10 21:52:19.670 [main] INFO  o.s.b.a.l.ConditionEvaluationReportLoggingListener - 

Error starting ApplicationContext. To display the conditions report re-run your application with 'debug' enabled.
2025-01-10 21:52:19.682 [main] ERROR o.s.b.diagnostics.LoggingFailureAnalysisReporter - 

***************************
APPLICATION FAILED TO START
***************************

Description:

Parameter 0 of constructor in com.security.service.backup.ResourceBackupService required a bean of type 'java.lang.String' that could not be found.


Action:

Consider defining a bean of type 'java.lang.String' in your configuration.

2025-01-10 21:53:35.507 [background-preinit] INFO  org.hibernate.validator.internal.util.Version - HV000001: Hibernate Validator 6.2.5.Final
2025-01-10 21:53:35.514 [main] INFO  com.security.WebScannerApplication - Starting WebScannerApplication using Java 21.0.5 on LAPTOP-VLB0GC6G with PID 17020 (D:\study_file\web-pre\target\classes started by Lenovo in D:\study_file\web-pre)
2025-01-10 21:53:35.514 [main] INFO  com.security.WebScannerApplication - No active profile set, falling back to 1 default profile: "default"
2025-01-10 21:53:36.007 [main] INFO  o.s.d.r.config.RepositoryConfigurationDelegate - Multiple Spring Data modules found, entering strict repository configuration mode
2025-01-10 21:53:36.008 [main] INFO  o.s.d.r.config.RepositoryConfigurationDelegate - Bootstrapping Spring Data Redis repositories in DEFAULT mode.
2025-01-10 21:53:36.035 [main] INFO  o.s.d.r.config.RepositoryConfigurationDelegate - Finished Spring Data repository scanning in 18 ms. Found 0 Redis repository interfaces.
2025-01-10 21:53:36.617 [main] INFO  o.s.boot.web.embedded.tomcat.TomcatWebServer - Tomcat initialized with port(s): 8080 (http)
2025-01-10 21:53:36.622 [main] INFO  org.apache.coyote.http11.Http11NioProtocol - Initializing ProtocolHandler ["http-nio-8080"]
2025-01-10 21:53:36.622 [main] INFO  org.apache.catalina.core.StandardService - Starting service [Tomcat]
2025-01-10 21:53:36.622 [main] INFO  org.apache.catalina.core.StandardEngine - Starting Servlet engine: [Apache Tomcat/9.0.68]
2025-01-10 21:53:36.716 [main] INFO  o.a.c.core.ContainerBase.[Tomcat].[localhost].[/] - Initializing Spring embedded WebApplicationContext
2025-01-10 21:53:36.716 [main] INFO  o.s.b.w.s.c.ServletWebServerApplicationContext - Root WebApplicationContext: initialization completed in 1171 ms
2025-01-10 21:53:37.205 [main] WARN  o.s.b.w.s.c.AnnotationConfigServletWebServerApplicationContext - Exception encountered during context initialization - cancelling refresh attempt: org.springframework.beans.factory.UnsatisfiedDependencyException: Error creating bean with name 'resourceEncryptor' defined in file [D:\study_file\web-pre\target\classes\com\security\service\encrypt\ResourceEncryptor.class]: Unsatisfied dependency expressed through constructor parameter 0; nested exception is org.springframework.beans.factory.NoSuchBeanDefinitionException: No qualifying bean of type 'java.lang.String' available: expected at least 1 bean which qualifies as autowire candidate. Dependency annotations: {}
2025-01-10 21:53:37.214 [main] INFO  org.apache.catalina.core.StandardService - Stopping service [Tomcat]
2025-01-10 21:53:37.221 [main] INFO  o.s.b.a.l.ConditionEvaluationReportLoggingListener - 

Error starting ApplicationContext. To display the conditions report re-run your application with 'debug' enabled.
2025-01-10 21:53:37.237 [main] ERROR o.s.b.diagnostics.LoggingFailureAnalysisReporter - 

***************************
APPLICATION FAILED TO START
***************************

Description:

Parameter 0 of constructor in com.security.service.encrypt.ResourceEncryptor required a bean of type 'java.lang.String' that could not be found.


Action:

Consider defining a bean of type 'java.lang.String' in your configuration.

2025-01-10 21:54:43.817 [background-preinit] INFO  org.hibernate.validator.internal.util.Version - HV000001: Hibernate Validator 6.2.5.Final
2025-01-10 21:54:43.828 [main] INFO  com.security.WebScannerApplication - Starting WebScannerApplication using Java 21.0.5 on LAPTOP-VLB0GC6G with PID 24448 (D:\study_file\web-pre\target\classes started by Lenovo in D:\study_file\web-pre)
2025-01-10 21:54:43.828 [main] INFO  com.security.WebScannerApplication - No active profile set, falling back to 1 default profile: "default"
2025-01-10 21:54:44.330 [main] INFO  o.s.d.r.config.RepositoryConfigurationDelegate - Multiple Spring Data modules found, entering strict repository configuration mode
2025-01-10 21:54:44.331 [main] INFO  o.s.d.r.config.RepositoryConfigurationDelegate - Bootstrapping Spring Data Redis repositories in DEFAULT mode.
2025-01-10 21:54:44.357 [main] INFO  o.s.d.r.config.RepositoryConfigurationDelegate - Finished Spring Data repository scanning in 17 ms. Found 0 Redis repository interfaces.
2025-01-10 21:54:44.891 [main] INFO  o.s.boot.web.embedded.tomcat.TomcatWebServer - Tomcat initialized with port(s): 8080 (http)
2025-01-10 21:54:44.897 [main] INFO  org.apache.coyote.http11.Http11NioProtocol - Initializing ProtocolHandler ["http-nio-8080"]
2025-01-10 21:54:44.897 [main] INFO  org.apache.catalina.core.StandardService - Starting service [Tomcat]
2025-01-10 21:54:44.897 [main] INFO  org.apache.catalina.core.StandardEngine - Starting Servlet engine: [Apache Tomcat/9.0.68]
2025-01-10 21:54:45.002 [main] INFO  o.a.c.core.ContainerBase.[Tomcat].[localhost].[/] - Initializing Spring embedded WebApplicationContext
2025-01-10 21:54:45.002 [main] INFO  o.s.b.w.s.c.ServletWebServerApplicationContext - Root WebApplicationContext: initialization completed in 1138 ms
2025-01-10 21:54:45.879 [main] INFO  org.apache.coyote.http11.Http11NioProtocol - Starting ProtocolHandler ["http-nio-8080"]
2025-01-10 21:54:45.899 [main] INFO  o.s.boot.web.embedded.tomcat.TomcatWebServer - Tomcat started on port(s): 8080 (http) with context path ''
2025-01-10 21:54:45.906 [main] INFO  com.security.WebScannerApplication - Started WebScannerApplication in 2.41 seconds (JVM running for 2.878)
2025-01-10 21:58:18.886 [http-nio-8080-exec-1] INFO  o.a.c.core.ContainerBase.[Tomcat].[localhost].[/] - Initializing Spring DispatcherServlet 'dispatcherServlet'
2025-01-10 21:58:18.886 [http-nio-8080-exec-1] INFO  org.springframework.web.servlet.DispatcherServlet - Initializing Servlet 'dispatcherServlet'
2025-01-10 21:58:18.887 [http-nio-8080-exec-1] INFO  org.springframework.web.servlet.DispatcherServlet - Completed initialization in 1 ms
